#! /c/Source/iverilog-install/bin/vvp
:ivl_version "12.0 (devel)" "(s20150603-1539-g2693dd32b)";
:ivl_delay_selection "TYPICAL";
:vpi_time_precision + 0;
:vpi_module "C:\iverilog\lib\ivl\system.vpi";
:vpi_module "C:\iverilog\lib\ivl\vhdl_sys.vpi";
:vpi_module "C:\iverilog\lib\ivl\vhdl_textio.vpi";
:vpi_module "C:\iverilog\lib\ivl\v2005_math.vpi";
:vpi_module "C:\iverilog\lib\ivl\va_math.vpi";
S_000001757e30bc00 .scope module, "reg_file" "reg_file" 2 8;
 .timescale 0 0;
    .port_info 0 /INPUT 8 "IN";
    .port_info 1 /OUTPUT 8 "OUT1";
    .port_info 2 /OUTPUT 8 "OUT2";
    .port_info 3 /INPUT 3 "INADDRESS";
    .port_info 4 /INPUT 3 "OUT1ADDRESS";
    .port_info 5 /INPUT 3 "OUT2ADDRESS";
    .port_info 6 /INPUT 1 "WRITE";
    .port_info 7 /INPUT 1 "CLK";
    .port_info 8 /INPUT 1 "RESET";
L_000001757e354fc0/d .functor BUFZ 8, L_000001757e3545a0, C4<00000000>, C4<00000000>, C4<00000000>;
L_000001757e354fc0 .delay 8 (2,2,2) L_000001757e354fc0/d;
L_000001757e30bd90/d .functor BUFZ 8, L_000001757e354460, C4<00000000>, C4<00000000>, C4<00000000>;
L_000001757e30bd90 .delay 8 (2,2,2) L_000001757e30bd90/d;
o000001757e358fd8 .functor BUFZ 1, C4<z>; HiZ drive
v000001757e322d80_0 .net "CLK", 0 0, o000001757e358fd8;  0 drivers
o000001757e359008 .functor BUFZ 8, C4<zzzzzzzz>; HiZ drive
v000001757e348860_0 .net "IN", 7 0, o000001757e359008;  0 drivers
o000001757e359038 .functor BUFZ 3, C4<zzz>; HiZ drive
v000001757e348900_0 .net "INADDRESS", 2 0, o000001757e359038;  0 drivers
v000001757e3489a0_0 .net "OUT1", 7 0, L_000001757e354fc0;  1 drivers
o000001757e359098 .functor BUFZ 3, C4<zzz>; HiZ drive
v000001757e348a40_0 .net "OUT1ADDRESS", 2 0, o000001757e359098;  0 drivers
v000001757e348ae0_0 .net "OUT2", 7 0, L_000001757e30bd90;  1 drivers
o000001757e3590f8 .functor BUFZ 3, C4<zzz>; HiZ drive
v000001757e3a3c70_0 .net "OUT2ADDRESS", 2 0, o000001757e3590f8;  0 drivers
v000001757e3a3d10 .array "REGISTER", 0 7, 7 0;
o000001757e359128 .functor BUFZ 1, C4<z>; HiZ drive
v000001757e3a3db0_0 .net "RESET", 0 0, o000001757e359128;  0 drivers
o000001757e359158 .functor BUFZ 1, C4<z>; HiZ drive
v000001757e3a3e50_0 .net "WRITE", 0 0, o000001757e359158;  0 drivers
v000001757e354140_0 .net *"_ivl_0", 7 0, L_000001757e3545a0;  1 drivers
v000001757e354d20_0 .net *"_ivl_10", 4 0, L_000001757e354dc0;  1 drivers
L_000001757e3a3f40 .functor BUFT 1, C4<00>, C4<0>, C4<0>, C4<0>;
v000001757e354820_0 .net *"_ivl_13", 1 0, L_000001757e3a3f40;  1 drivers
v000001757e354780_0 .net *"_ivl_2", 4 0, L_000001757e354640;  1 drivers
L_000001757e3a3ef8 .functor BUFT 1, C4<00>, C4<0>, C4<0>, C4<0>;
v000001757e354c80_0 .net *"_ivl_5", 1 0, L_000001757e3a3ef8;  1 drivers
v000001757e3541e0_0 .net *"_ivl_8", 7 0, L_000001757e354460;  1 drivers
E_000001757e34a500 .event posedge, v000001757e322d80_0;
L_000001757e3545a0 .array/port v000001757e3a3d10, L_000001757e354640;
L_000001757e354640 .concat [ 3 2 0 0], o000001757e359098, L_000001757e3a3ef8;
L_000001757e354460 .array/port v000001757e3a3d10, L_000001757e354dc0;
L_000001757e354dc0 .concat [ 3 2 0 0], o000001757e3590f8, L_000001757e3a3f40;
    .scope S_000001757e30bc00;
T_0 ;
    %wait E_000001757e34a500;
    %load/vec4 v000001757e3a3db0_0;
    %cmpi/e 1, 0, 1;
    %jmp/0xz  T_0.0, 4;
    %delay 1, 0;
    %pushi/vec4 0, 0, 8;
    %ix/load 4, 0, 0;
    %flag_set/imm 4, 0;
    %store/vec4a v000001757e3a3d10, 4, 0;
    %pushi/vec4 0, 0, 8;
    %ix/load 4, 1, 0;
    %flag_set/imm 4, 0;
    %store/vec4a v000001757e3a3d10, 4, 0;
    %pushi/vec4 0, 0, 8;
    %ix/load 4, 2, 0;
    %flag_set/imm 4, 0;
    %store/vec4a v000001757e3a3d10, 4, 0;
    %pushi/vec4 0, 0, 8;
    %ix/load 4, 3, 0;
    %flag_set/imm 4, 0;
    %store/vec4a v000001757e3a3d10, 4, 0;
    %pushi/vec4 0, 0, 8;
    %ix/load 4, 4, 0;
    %flag_set/imm 4, 0;
    %store/vec4a v000001757e3a3d10, 4, 0;
    %pushi/vec4 0, 0, 8;
    %ix/load 4, 5, 0;
    %flag_set/imm 4, 0;
    %store/vec4a v000001757e3a3d10, 4, 0;
    %pushi/vec4 0, 0, 8;
    %ix/load 4, 6, 0;
    %flag_set/imm 4, 0;
    %store/vec4a v000001757e3a3d10, 4, 0;
    %pushi/vec4 0, 0, 8;
    %ix/load 4, 7, 0;
    %flag_set/imm 4, 0;
    %store/vec4a v000001757e3a3d10, 4, 0;
    %jmp T_0.1;
T_0.0 ;
    %load/vec4 v000001757e3a3e50_0;
    %cmpi/e 1, 0, 1;
    %jmp/0xz  T_0.2, 4;
    %delay 1, 0;
    %load/vec4 v000001757e348860_0;
    %load/vec4 v000001757e348900_0;
    %pad/u 5;
    %ix/vec4 4;
    %store/vec4a v000001757e3a3d10, 4, 0;
T_0.2 ;
T_0.1 ;
    %jmp T_0;
    .thread T_0;
    .scope S_000001757e30bc00;
T_1 ;
    %vpi_call 2 52 "$monitor", "Time:-%0d\012Reg1:-%8d\012Reg2:-%8d\012Reg3:-%8d\012Reg4:-%8d\012Reg5:-%8d\012Reg6:-%8d\012Reg7:-%8d\012Reg8:-%8d\012", $time, &A<v000001757e3a3d10, 0>, &A<v000001757e3a3d10, 1>, &A<v000001757e3a3d10, 2>, &A<v000001757e3a3d10, 3>, &A<v000001757e3a3d10, 4>, &A<v000001757e3a3d10, 5>, &A<v000001757e3a3d10, 6>, &A<v000001757e3a3d10, 7> {0 0 0};
    %end;
    .thread T_1;
# The file index is used to find the file name in the following table.
:file_names 3;
    "N/A";
    "<interactive>";
    "reg_file.v";
